<?xml version="1.0" encoding="UTF-8"?>
<!-- Generated by org.testng.reporters.JUnitXMLReporter -->
<testsuite hostname="Vedant-PC" ignored="0" name="Default test" tests="4" failures="0" timestamp="2020-10-10T16:32:08 IST" time="1.331" errors="0">
  <testcase name="sendEmailTest" time="0.048" classname="com.data.driven.test.StudentDataTest"/>
  <testcase name="sendEmailTest" time="0.003" classname="com.data.driven.test.StudentDataTest"/>
  <testcase name="sendEmailTest" time="0.002" classname="com.data.driven.test.StudentDataTest"/>
  <testcase name="sendEmailTest" time="0.002" classname="com.data.driven.test.StudentDataTest"/>
</testsuite> <!-- Default test -->
